0 verbose cli /usr/local/bin/node /usr/local/bin/npm
1 info using npm@9.4.1
2 info using node@v18.14.0
3 timing npm:load:whichnode Completed in 2ms
4 timing config:load:defaults Completed in 1ms
5 timing config:load:file:/usr/local/lib/node_modules/npm/npmrc Completed in 3ms
6 timing config:load:builtin Completed in 4ms
7 timing config:load:cli Completed in 2ms
8 timing config:load:env Completed in 0ms
9 timing config:load:project Completed in 10ms
10 timing config:load:file:/app/.npmrc Completed in 1ms
11 timing config:load:user Completed in 1ms
12 timing config:load:file:/usr/local/etc/npmrc Completed in 1ms
13 timing config:load:global Completed in 1ms
14 timing config:load:setEnvs Completed in 0ms
15 timing config:load Completed in 19ms
16 timing npm:load:configload Completed in 19ms
17 timing npm:load:mkdirpcache Completed in 2ms
18 timing npm:load:mkdirplogs Completed in 2ms
19 verbose title npm run dev
20 verbose argv "run" "dev"
21 timing npm:load:setTitle Completed in 1ms
22 timing config:load:flatten Completed in 2ms
23 timing npm:load:display Completed in 2ms
24 verbose logfile logs-max:10 dir:/app/.npm/_logs/2023-02-05T11_25_02_939Z-
25 verbose logfile /app/.npm/_logs/2023-02-05T11_25_02_939Z-debug-0.log
26 timing npm:load:logFile Completed in 68ms
27 timing npm:load:timers Completed in 1ms
28 timing npm:load:configScope Completed in 0ms
29 timing npm:load Completed in 107ms
30 silly logfile done cleaning log files
31 timing command:run Completed in 2ms
32 verbose stack Error: ENOENT: no such file or directory, open '/app/package.json'
33 verbose cwd /app
34 verbose Linux 5.15.49-linuxkit
35 verbose node v18.14.0
36 verbose npm  v9.4.1
37 error code ENOENT
38 error syscall open
39 error path /app/package.json
40 error errno -2
41 error enoent ENOENT: no such file or directory, open '/app/package.json'
42 error enoent This is related to npm not being able to find a file.
42 error enoent
43 verbose exit -2
44 timing npm Completed in 153ms
45 verbose code -2
46 error A complete log of this run can be found in:
46 error     /app/.npm/_logs/2023-02-05T11_25_02_939Z-debug-0.log
